
--- 2026-03-12T12:02:10.717902 ---
Mode: analyze
Success: False
Error: __init__() got an unexpected keyword argument 'capture_output'

--- 2026-03-12T12:02:21.202437 ---
Mode: analyze
Success: True
Output:

[1m[0;36m============================================================[0m
[1m[0;36m🔧 Token Optimizer - OpenClaw Token 优化器[0m
[1m[0;36m============================================================[0m

[0;34m[INFO][0m 分析当前 token 使用情况...

[1m[0;36m============================================================[0m
[1m[0;36m📊 Token 使用统计[0m
[1m[0;36m============================================================[0m

文件                                 字符数      Token 数       行数
------------------------------------------------------------
MEMORY.md                        2,131          532       98
SESSION-STATE.md                 1,776          444       72
USER.md                            640          160       46
SOUL.md                          1,419          354       41
AGENTS.md                        3,821          955      156
memory/*.md                          0            0        0
------------------------------------------------------------
[1m总计                  
